<?xml version="1.0" encoding="UTF-8"?>
<testng-results ignored="0" total="1" passed="1" failed="0" skipped="0">
  <reporter-output>
  </reporter-output>
  <suite started-at="2025-08-30T00:38:13 BDT" name="Default suite" finished-at="2025-08-30T00:38:28 BDT" duration-ms="15010">
    <groups>
    </groups>
    <test started-at="2025-08-30T00:38:13 BDT" name="Default test" finished-at="2025-08-30T00:38:28 BDT" duration-ms="15010">
      <class name="com.mytest.CopyPaste">
        <test-method is-config="true" signature="setupDriver()[pri:0, instance:com.mytest.CopyPaste@74fe5c40]" started-at="2025-08-30T00:38:10 BDT" name="setupDriver" finished-at="2025-08-30T00:38:13 BDT" duration-ms="2937" status="PASS">
          <reporter-output>
          </reporter-output>
        </test-method> <!-- setupDriver -->
        <test-method signature="copPaste()[pri:0, instance:com.mytest.CopyPaste@74fe5c40]" started-at="2025-08-30T00:38:13 BDT" name="copPaste" finished-at="2025-08-30T00:38:28 BDT" duration-ms="14937" status="PASS">
          <reporter-output>
          </reporter-output>
        </test-method> <!-- copPaste -->
        <test-method is-config="true" signature="tearDown()[pri:0, instance:com.mytest.CopyPaste@74fe5c40]" started-at="2025-08-30T00:38:28 BDT" name="tearDown" finished-at="2025-08-30T00:38:28 BDT" duration-ms="253" status="PASS">
          <reporter-output>
          </reporter-output>
        </test-method> <!-- tearDown -->
      </class> <!-- com.mytest.CopyPaste -->
    </test> <!-- Default test -->
  </suite> <!-- Default suite -->
</testng-results>
