<?xml version="1.0" encoding="UTF-8"?>
<testng-results ignored="0" total="1" passed="1" failed="0" skipped="0">
  <reporter-output>
  </reporter-output>
  <suite started-at="2025-08-27T00:36:29 BDT" name="Default suite" finished-at="2025-08-27T00:36:36 BDT" duration-ms="6695">
    <groups>
    </groups>
    <test started-at="2025-08-27T00:36:29 BDT" name="Default test" finished-at="2025-08-27T00:36:36 BDT" duration-ms="6695">
      <class name="com.mytest.FirstTest">
        <test-method is-config="true" signature="setUp()[pri:0, instance:com.mytest.FirstTest@3febb011]" started-at="2025-08-27T00:36:27 BDT" name="setUp" finished-at="2025-08-27T00:36:29 BDT" duration-ms="2887" status="PASS">
          <reporter-output>
          </reporter-output>
        </test-method> <!-- setUp -->
        <test-method signature="openGoogle()[pri:0, instance:com.mytest.FirstTest@3febb011]" started-at="2025-08-27T00:36:30 BDT" name="openGoogle" finished-at="2025-08-27T00:36:36 BDT" duration-ms="6627" status="PASS">
          <reporter-output>
          </reporter-output>
        </test-method> <!-- openGoogle -->
        <test-method is-config="true" signature="tearDown()[pri:0, instance:com.mytest.FirstTest@3febb011]" started-at="2025-08-27T00:36:36 BDT" name="tearDown" finished-at="2025-08-27T00:36:37 BDT" duration-ms="356" status="PASS">
          <reporter-output>
          </reporter-output>
        </test-method> <!-- tearDown -->
      </class> <!-- com.mytest.FirstTest -->
    </test> <!-- Default test -->
  </suite> <!-- Default suite -->
</testng-results>
